<?xml version="1.0" encoding="UTF-8"?>
<!-- Generated by org.testng.reporters.JUnitReportReporter -->
<testsuite hostname="Gayathri" failures="0" tests="1" name="com.runner.TestNGRunner" time="6.947" errors="0" timestamp="2025-04-03T18:56:56 IST" skipped="0">
  <testcase classname="com.runner.TestNGRunner" name="runScenario" time="6.947"/>
</testsuite> <!-- com.runner.TestNGRunner -->
