<?xml version="1.0" encoding="UTF-8"?>
<!-- Generated by org.testng.reporters.JUnitReportReporter -->
<testsuite hostname="Gayathri" failures="0" tests="1" name="com.runner.TestNGRunner" time="15.302" errors="0" timestamp="2025-04-03T17:33:50 IST" skipped="0">
  <testcase classname="com.runner.TestNGRunner" name="runScenario" time="15.302"/>
</testsuite> <!-- com.runner.TestNGRunner -->
